{
  "start": "2022-06-05T16:29:23.816Z",
  "end": "2022-06-05T16:29:27.111Z",
  "capabilities": {
    "acceptInsecureCerts": true,
    "browserName": "chrome",
    "browserVersion": "102.0.5005.63",
    "chrome": {
      "chromedriverVersion": "101.0.4951.41 (93c720db8323b3ec10d056025ab95c23a31997c9-refs/branch-heads/4951@{#904})",
      "userDataDir": "C:\\Users\\Guru\\AppData\\Local\\Temp\\scoped_dir20040_2022243459"
    },
    "goog:chromeOptions": {
      "debuggerAddress": "localhost:65022"
    },
    "networkConnectionEnabled": false,
    "pageLoadStrategy": "normal",
    "platformName": "windows",
    "proxy": {},
    "setWindowRect": true,
    "strictFileInteractability": false,
    "timeouts": {
      "implicit": 0,
      "pageLoad": 300000,
      "script": 30000
    },
    "unhandledPromptBehavior": "dismiss and notify",
    "webauthn:extension:credBlob": true,
    "webauthn:extension:largeBlob": true,
    "webauthn:virtualAuthenticators": true,
    "sessionId": "c2f2ab0948cd8f56edebdbe135b8a3b1"
  },
  "host": "localhost",
  "port": 9515,
  "baseUrl": "https://www.volvocars.com/",
  "framework": "mocha",
  "duration": 3295,
  "suites": [],
  "specs": [
    "C:\\Users\\Guru\\Desktop\\sirishawebdriverIoFinal\\TestAutomationVolvo\\test\\specs\\carSafetyPageVideos.js"
  ],
  "state": {
    "passed": 0,
    "failed": 0,
    "skipped": 0
  }
}